<?xml version="1.0" encoding="UTF-8"?>
<testng-results skipped="0" failed="1" total="5" passed="4">
  <reporter-output>
  </reporter-output>
  <suite name="Suite" duration-ms="84603" started-at="2022-04-27T07:28:45Z" finished-at="2022-04-27T07:30:09Z">
    <groups>
    </groups>
    <test name="Validating User Login" duration-ms="21369" started-at="2022-04-27T07:28:45Z" finished-at="2022-04-27T07:29:06Z">
      <class name="Academy.E2EProject.HomePage">
        <test-method status="PASS" signature="intializer()[pri:0, instance:Academy.E2EProject.HomePage@32d386]" name="intializer" is-config="true" duration-ms="17496" started-at="2022-04-27T12:58:45Z" finished-at="2022-04-27T12:59:02Z">
          <reporter-output>
          </reporter-output>
        </test-method> <!-- intializer -->
        <test-method status="PASS" signature="basePageNavigation(java.lang.String, java.lang.String, java.lang.String)[pri:0, instance:Academy.E2EProject.HomePage@32d386]" name="basePageNavigation" duration-ms="2907" started-at="2022-04-27T12:59:02Z" data-provider="getData" finished-at="2022-04-27T12:59:05Z">
          <params>
            <param index="0">
              <value>
                <![CDATA[nonrestricteduser@qw.com]]>
              </value>
            </param>
            <param index="1">
              <value>
                <![CDATA[123456]]>
              </value>
            </param>
            <param index="2">
              <value>
                <![CDATA[Non Restricted User]]>
              </value>
            </param>
          </params>
          <reporter-output>
          </reporter-output>
        </test-method> <!-- basePageNavigation -->
        <test-method status="PASS" signature="basePageNavigation(java.lang.String, java.lang.String, java.lang.String)[pri:0, instance:Academy.E2EProject.HomePage@32d386]" name="basePageNavigation" duration-ms="828" started-at="2022-04-27T12:59:05Z" data-provider="getData" finished-at="2022-04-27T12:59:06Z">
          <params>
            <param index="0">
              <value>
                <![CDATA[restricteduser@qw.com]]>
              </value>
            </param>
            <param index="1">
              <value>
                <![CDATA[556884]]>
              </value>
            </param>
            <param index="2">
              <value>
                <![CDATA[Restricted User]]>
              </value>
            </param>
          </params>
          <reporter-output>
          </reporter-output>
        </test-method> <!-- basePageNavigation -->
        <test-method status="PASS" signature="tear()[pri:0, instance:Academy.E2EProject.HomePage@32d386]" name="tear" is-config="true" duration-ms="102" started-at="2022-04-27T12:59:06Z" finished-at="2022-04-27T12:59:06Z">
          <reporter-output>
          </reporter-output>
        </test-method> <!-- tear -->
      </class> <!-- Academy.E2EProject.HomePage -->
    </test> <!-- Validating User Login -->
    <test name="Validating navigation bar" duration-ms="28854" started-at="2022-04-27T07:29:06Z" finished-at="2022-04-27T07:29:35Z">
      <class name="Academy.E2EProject.validateNavigationBar">
        <test-method status="PASS" signature="intializer()[pri:0, instance:Academy.E2EProject.validateNavigationBar@b6decd]" name="intializer" is-config="true" duration-ms="28663" started-at="2022-04-27T12:59:06Z" finished-at="2022-04-27T12:59:35Z">
          <reporter-output>
          </reporter-output>
        </test-method> <!-- intializer -->
        <test-method status="PASS" signature="basePageNavigation()[pri:0, instance:Academy.E2EProject.validateNavigationBar@b6decd]" name="basePageNavigation" duration-ms="94" started-at="2022-04-27T12:59:35Z" finished-at="2022-04-27T12:59:35Z">
          <reporter-output>
          </reporter-output>
        </test-method> <!-- basePageNavigation -->
        <test-method status="PASS" signature="tear()[pri:0, instance:Academy.E2EProject.validateNavigationBar@b6decd]" name="tear" is-config="true" duration-ms="93" started-at="2022-04-27T12:59:35Z" finished-at="2022-04-27T12:59:35Z">
          <reporter-output>
          </reporter-output>
        </test-method> <!-- tear -->
      </class> <!-- Academy.E2EProject.validateNavigationBar -->
    </test> <!-- Validating navigation bar -->
    <test name="Test" duration-ms="0" started-at="2022-04-27T07:29:35Z" finished-at="2022-04-27T07:29:35Z">
    </test> <!-- Test -->
    <test name="Validating title name" duration-ms="34295" started-at="2022-04-27T07:29:35Z" finished-at="2022-04-27T07:30:09Z">
      <class name="Academy.E2EProject.validateTitle">
        <test-method status="PASS" signature="intializer()[pri:0, instance:Academy.E2EProject.validateTitle@d7c83]" name="intializer" is-config="true" duration-ms="30840" started-at="2022-04-27T12:59:35Z" finished-at="2022-04-27T13:00:06Z">
          <reporter-output>
          </reporter-output>
        </test-method> <!-- intializer -->
        <test-method status="PASS" signature="baseHeader()[pri:0, instance:Academy.E2EProject.validateTitle@d7c83]" name="baseHeader" duration-ms="104" started-at="2022-04-27T13:00:06Z" finished-at="2022-04-27T13:00:06Z">
          <reporter-output>
          </reporter-output>
        </test-method> <!-- baseHeader -->
        <test-method status="FAIL" signature="basePageNavigation()[pri:0, instance:Academy.E2EProject.validateTitle@d7c83]" name="basePageNavigation" duration-ms="81" started-at="2022-04-27T13:00:06Z" finished-at="2022-04-27T13:00:06Z">
          <exception class="java.lang.AssertionError">
            <message>
              <![CDATA[expected [FEATURED 11COURSES] but found [FEATURED COURSES]]]>
            </message>
            <full-stacktrace>
              <![CDATA[java.lang.AssertionError: expected [FEATURED 11COURSES] but found [FEATURED COURSES]
	at org.testng.Assert.fail(Assert.java:94)
	at org.testng.Assert.failNotEquals(Assert.java:494)
	at org.testng.Assert.assertEquals(Assert.java:123)
	at org.testng.Assert.assertEquals(Assert.java:176)
	at org.testng.Assert.assertEquals(Assert.java:186)
	at Academy.E2EProject.validateTitle.basePageNavigation(validateTitle.java:28)
	at sun.reflect.NativeMethodAccessorImpl.invoke0(Native Method)
	at sun.reflect.NativeMethodAccessorImpl.invoke(NativeMethodAccessorImpl.java:62)
	at sun.reflect.DelegatingMethodAccessorImpl.invoke(DelegatingMethodAccessorImpl.java:43)
	at java.lang.reflect.Method.invoke(Method.java:498)
	at org.testng.internal.MethodInvocationHelper.invokeMethod(MethodInvocationHelper.java:80)
	at org.testng.internal.Invoker.invokeMethod(Invoker.java:714)
	at org.testng.internal.Invoker.invokeTestMethod(Invoker.java:901)
	at org.testng.internal.Invoker.invokeTestMethods(Invoker.java:1231)
	at org.testng.internal.TestMethodWorker.invokeTestMethods(TestMethodWorker.java:127)
	at org.testng.internal.TestMethodWorker.run(TestMethodWorker.java:111)
	at org.testng.TestRunner.privateRun(TestRunner.java:767)
	at org.testng.TestRunner.run(TestRunner.java:617)
	at org.testng.SuiteRunner.runTest(SuiteRunner.java:334)
	at org.testng.SuiteRunner.runSequentially(SuiteRunner.java:329)
	at org.testng.SuiteRunner.privateRun(SuiteRunner.java:291)
	at org.testng.SuiteRunner.run(SuiteRunner.java:240)
	at org.testng.SuiteRunnerWorker.runSuite(SuiteRunnerWorker.java:52)
	at org.testng.SuiteRunnerWorker.run(SuiteRunnerWorker.java:86)
	at org.testng.TestNG.runSuitesSequentially(TestNG.java:1198)
	at org.testng.TestNG.runSuitesLocally(TestNG.java:1123)
	at org.testng.TestNG.run(TestNG.java:1031)
	at org.apache.maven.surefire.testng.TestNGExecutor.run(TestNGExecutor.java:324)
	at org.apache.maven.surefire.testng.TestNGXmlTestSuite.execute(TestNGXmlTestSuite.java:74)
	at org.apache.maven.surefire.testng.TestNGProvider.invoke(TestNGProvider.java:123)
	at org.apache.maven.surefire.booter.ForkedBooter.runSuitesInProcess(ForkedBooter.java:456)
	at org.apache.maven.surefire.booter.ForkedBooter.execute(ForkedBooter.java:169)
	at org.apache.maven.surefire.booter.ForkedBooter.run(ForkedBooter.java:595)
	at org.apache.maven.surefire.booter.ForkedBooter.main(ForkedBooter.java:581)
]]>
            </full-stacktrace>
          </exception> <!-- java.lang.AssertionError -->
          <reporter-output>
          </reporter-output>
        </test-method> <!-- basePageNavigation -->
        <test-method status="PASS" signature="tear()[pri:0, instance:Academy.E2EProject.validateTitle@d7c83]" name="tear" is-config="true" duration-ms="2659" started-at="2022-04-27T13:00:07Z" finished-at="2022-04-27T13:00:09Z">
          <reporter-output>
          </reporter-output>
        </test-method> <!-- tear -->
      </class> <!-- Academy.E2EProject.validateTitle -->
    </test> <!-- Validating title name -->
  </suite> <!-- Suite -->
</testng-results>
