<?xml version="1.0" encoding="UTF-8"?>
<testng-results skipped="0" failed="1" total="5" passed="4">
  <reporter-output>
  </reporter-output>
  <suite name="Suite" duration-ms="109985" started-at="2022-04-27T07:25:51Z" finished-at="2022-04-27T07:27:41Z">
    <groups>
    </groups>
    <test name="Validating User Login" duration-ms="26961" started-at="2022-04-27T07:25:51Z" finished-at="2022-04-27T07:26:18Z">
      <class name="Academy.E2EProject.HomePage">
        <test-method status="PASS" signature="intializer()[pri:0, instance:Academy.E2EProject.HomePage@dfbc58]" name="intializer" is-config="true" duration-ms="6738" started-at="2022-04-27T12:55:51Z" finished-at="2022-04-27T12:55:58Z">
          <reporter-output>
          </reporter-output>
        </test-method> <!-- intializer -->
        <test-method status="PASS" signature="basePageNavigation(java.lang.String, java.lang.String, java.lang.String)[pri:0, instance:Academy.E2EProject.HomePage@dfbc58]" name="basePageNavigation" duration-ms="13479" started-at="2022-04-27T12:55:58Z" data-provider="getData" finished-at="2022-04-27T12:56:11Z">
          <params>
            <param index="0">
              <value>
                <![CDATA[nonrestricteduser@qw.com]]>
              </value>
            </param>
            <param index="1">
              <value>
                <![CDATA[123456]]>
              </value>
            </param>
            <param index="2">
              <value>
                <![CDATA[Non Restricted User]]>
              </value>
            </param>
          </params>
          <reporter-output>
          </reporter-output>
        </test-method> <!-- basePageNavigation -->
        <test-method status="PASS" signature="basePageNavigation(java.lang.String, java.lang.String, java.lang.String)[pri:0, instance:Academy.E2EProject.HomePage@dfbc58]" name="basePageNavigation" duration-ms="3096" started-at="2022-04-27T12:56:11Z" data-provider="getData" finished-at="2022-04-27T12:56:14Z">
          <params>
            <param index="0">
              <value>
                <![CDATA[restricteduser@qw.com]]>
              </value>
            </param>
            <param index="1">
              <value>
                <![CDATA[556884]]>
              </value>
            </param>
            <param index="2">
              <value>
                <![CDATA[Restricted User]]>
              </value>
            </param>
          </params>
          <reporter-output>
          </reporter-output>
        </test-method> <!-- basePageNavigation -->
        <test-method status="PASS" signature="tear()[pri:0, instance:Academy.E2EProject.HomePage@dfbc58]" name="tear" is-config="true" duration-ms="3609" started-at="2022-04-27T12:56:14Z" finished-at="2022-04-27T12:56:18Z">
          <reporter-output>
          </reporter-output>
        </test-method> <!-- tear -->
      </class> <!-- Academy.E2EProject.HomePage -->
    </test> <!-- Validating User Login -->
    <test name="Validating navigation bar" duration-ms="43249" started-at="2022-04-27T07:26:18Z" finished-at="2022-04-27T07:27:01Z">
      <class name="Academy.E2EProject.validateNavigationBar">
        <test-method status="PASS" signature="intializer()[pri:0, instance:Academy.E2EProject.validateNavigationBar@1005828]" name="intializer" is-config="true" duration-ms="38301" started-at="2022-04-27T12:56:18Z" finished-at="2022-04-27T12:56:56Z">
          <reporter-output>
          </reporter-output>
        </test-method> <!-- intializer -->
        <test-method status="PASS" signature="basePageNavigation()[pri:0, instance:Academy.E2EProject.validateNavigationBar@1005828]" name="basePageNavigation" duration-ms="1101" started-at="2022-04-27T12:56:56Z" finished-at="2022-04-27T12:56:57Z">
          <reporter-output>
          </reporter-output>
        </test-method> <!-- basePageNavigation -->
        <test-method status="PASS" signature="tear()[pri:0, instance:Academy.E2EProject.validateNavigationBar@1005828]" name="tear" is-config="true" duration-ms="3843" started-at="2022-04-27T12:56:57Z" finished-at="2022-04-27T12:57:01Z">
          <reporter-output>
          </reporter-output>
        </test-method> <!-- tear -->
      </class> <!-- Academy.E2EProject.validateNavigationBar -->
    </test> <!-- Validating navigation bar -->
    <test name="Test" duration-ms="1" started-at="2022-04-27T07:27:01Z" finished-at="2022-04-27T07:27:01Z">
    </test> <!-- Test -->
    <test name="Validating title name" duration-ms="39718" started-at="2022-04-27T07:27:01Z" finished-at="2022-04-27T07:27:41Z">
      <class name="Academy.E2EProject.validateTitle">
        <test-method status="PASS" signature="intializer()[pri:0, instance:Academy.E2EProject.validateTitle@38ccb8]" name="intializer" is-config="true" duration-ms="37236" started-at="2022-04-27T12:57:01Z" finished-at="2022-04-27T12:57:39Z">
          <reporter-output>
          </reporter-output>
        </test-method> <!-- intializer -->
        <test-method status="PASS" signature="baseHeader()[pri:0, instance:Academy.E2EProject.validateTitle@38ccb8]" name="baseHeader" duration-ms="99" started-at="2022-04-27T12:57:39Z" finished-at="2022-04-27T12:57:39Z">
          <reporter-output>
          </reporter-output>
        </test-method> <!-- baseHeader -->
        <test-method status="FAIL" signature="basePageNavigation()[pri:0, instance:Academy.E2EProject.validateTitle@38ccb8]" name="basePageNavigation" duration-ms="143" started-at="2022-04-27T12:57:39Z" finished-at="2022-04-27T12:57:39Z">
          <exception class="java.lang.AssertionError">
            <message>
              <![CDATA[expected [FEATURED 11COURSES] but found [FEATURED COURSES]]]>
            </message>
            <full-stacktrace>
              <![CDATA[java.lang.AssertionError: expected [FEATURED 11COURSES] but found [FEATURED COURSES]
	at org.testng.Assert.fail(Assert.java:94)
	at org.testng.Assert.failNotEquals(Assert.java:494)
	at org.testng.Assert.assertEquals(Assert.java:123)
	at org.testng.Assert.assertEquals(Assert.java:176)
	at org.testng.Assert.assertEquals(Assert.java:186)
	at Academy.E2EProject.validateTitle.basePageNavigation(validateTitle.java:28)
	at sun.reflect.NativeMethodAccessorImpl.invoke0(Native Method)
	at sun.reflect.NativeMethodAccessorImpl.invoke(NativeMethodAccessorImpl.java:62)
	at sun.reflect.DelegatingMethodAccessorImpl.invoke(DelegatingMethodAccessorImpl.java:43)
	at java.lang.reflect.Method.invoke(Method.java:498)
	at org.testng.internal.MethodInvocationHelper.invokeMethod(MethodInvocationHelper.java:80)
	at org.testng.internal.Invoker.invokeMethod(Invoker.java:714)
	at org.testng.internal.Invoker.invokeTestMethod(Invoker.java:901)
	at org.testng.internal.Invoker.invokeTestMethods(Invoker.java:1231)
	at org.testng.internal.TestMethodWorker.invokeTestMethods(TestMethodWorker.java:127)
	at org.testng.internal.TestMethodWorker.run(TestMethodWorker.java:111)
	at org.testng.TestRunner.privateRun(TestRunner.java:767)
	at org.testng.TestRunner.run(TestRunner.java:617)
	at org.testng.SuiteRunner.runTest(SuiteRunner.java:334)
	at org.testng.SuiteRunner.runSequentially(SuiteRunner.java:329)
	at org.testng.SuiteRunner.privateRun(SuiteRunner.java:291)
	at org.testng.SuiteRunner.run(SuiteRunner.java:240)
	at org.testng.SuiteRunnerWorker.runSuite(SuiteRunnerWorker.java:52)
	at org.testng.SuiteRunnerWorker.run(SuiteRunnerWorker.java:86)
	at org.testng.TestNG.runSuitesSequentially(TestNG.java:1198)
	at org.testng.TestNG.runSuitesLocally(TestNG.java:1123)
	at org.testng.TestNG.run(TestNG.java:1031)
	at org.testng.remote.AbstractRemoteTestNG.run(AbstractRemoteTestNG.java:115)
	at org.testng.remote.RemoteTestNG.initAndRun(RemoteTestNG.java:251)
	at org.testng.remote.RemoteTestNG.main(RemoteTestNG.java:77)
]]>
            </full-stacktrace>
          </exception> <!-- java.lang.AssertionError -->
          <reporter-output>
          </reporter-output>
        </test-method> <!-- basePageNavigation -->
        <test-method status="PASS" signature="tear()[pri:0, instance:Academy.E2EProject.validateTitle@38ccb8]" name="tear" is-config="true" duration-ms="1516" started-at="2022-04-27T12:57:40Z" finished-at="2022-04-27T12:57:41Z">
          <reporter-output>
          </reporter-output>
        </test-method> <!-- tear -->
      </class> <!-- Academy.E2EProject.validateTitle -->
    </test> <!-- Validating title name -->
  </suite> <!-- Suite -->
</testng-results>
